<?xml version="1.0" encoding="UTF-8"?>
<testng-results skipped="0" failed="0" ignored="0" total="2" passed="2">
  <reporter-output>
  </reporter-output>
  <suite name="Suite" duration-ms="49714" started-at="2019-10-20T14:00:05Z" finished-at="2019-10-20T14:00:55Z">
    <groups>
    </groups>
    <test name="Test1" duration-ms="14950" started-at="2019-10-20T14:00:05Z" finished-at="2019-10-20T14:00:20Z">
      <class name="com.tests.Test1">
        <test-method status="PASS" signature="before(java.lang.String)[pri:0, instance:com.tests.Test1@70a3d8]" name="before" is-config="true" duration-ms="5077" started-at="2019-10-20T14:00:05Z" finished-at="2019-10-20T14:00:10Z">
          <params>
            <param index="0">
              <value>
                <![CDATA[Chrome]]>
              </value>
            </param>
          </params>
          <reporter-output>
          </reporter-output>
        </test-method> <!-- before -->
        <test-method status="PASS" signature="validation()[pri:0, instance:com.tests.Test1@70a3d8]" name="validation" duration-ms="8994" started-at="2019-10-20T14:00:10Z" finished-at="2019-10-20T14:00:19Z">
          <reporter-output>
          </reporter-output>
        </test-method> <!-- validation -->
        <test-method status="PASS" signature="After()[pri:0, instance:com.tests.Test1@70a3d8]" name="After" is-config="true" duration-ms="858" started-at="2019-10-20T14:00:19Z" finished-at="2019-10-20T14:00:20Z">
          <reporter-output>
          </reporter-output>
        </test-method> <!-- After -->
      </class> <!-- com.tests.Test1 -->
    </test> <!-- Test1 -->
    <test name="Test6" duration-ms="34733" started-at="2019-10-20T14:00:20Z" finished-at="2019-10-20T14:00:55Z">
      <class name="com.tests.Test6">
        <test-method status="PASS" signature="before(java.lang.String)[pri:0, instance:com.tests.Test6@6007f4]" name="before" is-config="true" duration-ms="3682" started-at="2019-10-20T14:00:20Z" finished-at="2019-10-20T14:00:24Z">
          <params>
            <param index="0">
              <value>
                <![CDATA[Chrome]]>
              </value>
            </param>
          </params>
          <reporter-output>
          </reporter-output>
        </test-method> <!-- before -->
        <test-method status="PASS" signature="validation()[pri:0, instance:com.tests.Test6@6007f4]" name="validation" duration-ms="30042" started-at="2019-10-20T14:00:24Z" finished-at="2019-10-20T14:00:54Z">
          <reporter-output>
          </reporter-output>
        </test-method> <!-- validation -->
        <test-method status="PASS" signature="After()[pri:0, instance:com.tests.Test6@6007f4]" name="After" is-config="true" duration-ms="1008" started-at="2019-10-20T14:00:54Z" finished-at="2019-10-20T14:00:55Z">
          <reporter-output>
          </reporter-output>
        </test-method> <!-- After -->
      </class> <!-- com.tests.Test6 -->
    </test> <!-- Test6 -->
  </suite> <!-- Suite -->
</testng-results>
